0.000000 INFO no hint 42
0.000001 INFO hex     0x2a
0.000002 INFO HEX     0x2A
0.000003 INFO binary  0b101010
0.000004 INFO ASCII   42
0.000005 INFO Debug   42
0.000006 INFO ----
0.000007 INFO no-hint 42
0.000008 INFO hex     0x2a
0.000009 INFO HEX     0x2A
0.000010 INFO binary  0b101010
0.000011 INFO ASCII   42
0.000012 INFO Debug   42
0.000013 INFO ----
0.000014 INFO no hint 42
0.000015 INFO hex     0x2a
0.000016 INFO HEX     0x2A
0.000017 INFO binary  0b101010
0.000018 INFO ASCII   42
0.000019 INFO Debug   42
0.000020 INFO ----
0.000021 INFO S1 > S2 0b101010
